[caresource] QueueId=1378239 Status=Successful End=2026-06-16T01:57:28.75
   already reported -- skip
[healthspring_fwa] QueueId=1368201 Status=Successful End=2026-06-02T18:20:42.99
   already reported -- skip
[wellmark] QueueId=1377606 Status=Successful End=2026-06-14T19:32:06.767
   already reported -- skip
[optum_pbm] LoadQ=1370920 LoadEnd=2026-06-06T12:36:23.453 SnapEnd=2026-06-06T13:13:51.703 tag=06052026 RAW={'RAW1': True, 'RAW2': True, 'RAW3': True}
   already reported -- skip
[caresource] QueueId=1378239 Status=Successful End=2026-06-16T01:57:28.75
   already reported -- skip
[healthspring_fwa] QueueId=1368201 Status=Successful End=2026-06-02T18:20:42.99
   already reported -- skip
[wellmark] QueueId=1377606 Status=Successful End=2026-06-14T19:32:06.767
   already reported -- skip
[optum_pbm] LoadQ=1370920 LoadEnd=2026-06-06T12:36:23.453 SnapEnd=2026-06-06T13:13:51.703 tag=06052026 RAW={'RAW1': True, 'RAW2': True, 'RAW3': True}
   already reported -- skip
[caresource] QueueId=1378239 Status=Successful End=2026-06-16T01:57:28.75
   already reported -- skip
[healthspring_fwa] QueueId=1368201 Status=Successful End=2026-06-02T18:20:42.99
   already reported -- skip
[wellmark] QueueId=1377606 Status=Successful End=2026-06-14T19:32:06.767
   already reported -- skip
[optum_pbm] LoadQ=1370920 LoadEnd=2026-06-06T12:36:23.453 SnapEnd=2026-06-06T13:13:51.703 tag=06052026 RAW={'RAW1': True, 'RAW2': True, 'RAW3': True}
   already reported -- skip
[caresource] QueueId=1378239 Status=Successful End=2026-06-16T01:57:28.75
   already reported -- skip
[healthspring_fwa] QueueId=1368201 Status=Successful End=2026-06-02T18:20:42.99
   already reported -- skip
[wellmark] QueueId=1377606 Status=Successful End=2026-06-14T19:32:06.767
   already reported -- skip
[optum_pbm] LoadQ=1370920 LoadEnd=2026-06-06T12:36:23.453 SnapEnd=2026-06-06T13:13:51.703 tag=06052026 RAW={'RAW1': True, 'RAW2': True, 'RAW3': True}
   already reported -- skip
[caresource] QueueId=1378239 Status=Successful End=2026-06-16T01:57:28.75
   already reported -- skip
[healthspring_fwa] QueueId=1368201 Status=Successful End=2026-06-02T18:20:42.99
   already reported -- skip
[wellmark] QueueId=1377606 Status=Successful End=2026-06-14T19:32:06.767
   already reported -- skip
[optum_pbm] LoadQ=1370920 LoadEnd=2026-06-06T12:36:23.453 SnapEnd=2026-06-06T13:13:51.703 tag=06052026 RAW={'RAW1': True, 'RAW2': True, 'RAW3': True}
   already reported -- skip
[caresource] QueueId=1378239 Status=Successful End=2026-06-16T01:57:28.75
   already reported -- skip
[healthspring_fwa] QueueId=1368201 Status=Successful End=2026-06-02T18:20:42.99
   already reported -- skip
[wellmark] QueueId=1377606 Status=Successful End=2026-06-14T19:32:06.767
   already reported -- skip
[optum_pbm] LoadQ=1370920 LoadEnd=2026-06-06T12:36:23.453 SnapEnd=2026-06-06T13:13:51.703 tag=06052026 RAW={'RAW1': True, 'RAW2': True, 'RAW3': True}
   already reported -- skip
[caresource] QueueId=1378239 Status=Successful End=2026-06-16T01:57:28.75
   already reported -- skip
[healthspring_fwa] QueueId=1368201 Status=Successful End=2026-06-02T18:20:42.99
   already reported -- skip
[wellmark] QueueId=1377606 Status=Successful End=2026-06-14T19:32:06.767
   already reported -- skip
[optum_pbm] LoadQ=1370920 LoadEnd=2026-06-06T12:36:23.453 SnapEnd=2026-06-06T13:13:51.703 tag=06052026 RAW={'RAW1': True, 'RAW2': True, 'RAW3': True}
   already reported -- skip
[caresource] QueueId=1378239 Status=Successful End=2026-06-16T01:57:28.75
   already reported -- skip
[healthspring_fwa] QueueId=1368201 Status=Successful End=2026-06-02T18:20:42.99
   already reported -- skip
[wellmark] QueueId=1377606 Status=Successful End=2026-06-14T19:32:06.767
   already reported -- skip
[optum_pbm] LoadQ=1370920 LoadEnd=2026-06-06T12:36:23.453 SnapEnd=2026-06-06T13:13:51.703 tag=06052026 RAW={'RAW1': True, 'RAW2': True, 'RAW3': True}
   already reported -- skip
[caresource] QueueId=1378239 Status=Successful End=2026-06-16T01:57:28.75
   already reported -- skip
[healthspring_fwa] QueueId=1368201 Status=Successful End=2026-06-02T18:20:42.99
   already reported -- skip
[wellmark] QueueId=1377606 Status=Successful End=2026-06-14T19:32:06.767
   already reported -- skip
[optum_pbm] LoadQ=1370920 LoadEnd=2026-06-06T12:36:23.453 SnapEnd=2026-06-06T13:13:51.703 tag=06052026 RAW={'RAW1': True, 'RAW2': True, 'RAW3': True}
   already reported -- skip
[caresource] QueueId=1378239 Status=Successful End=2026-06-16T01:57:28.75
   already reported -- skip
[healthspring_fwa] QueueId=1368201 Status=Successful End=2026-06-02T18:20:42.99
   already reported -- skip
[wellmark] QueueId=1377606 Status=Successful End=2026-06-14T19:32:06.767
   already reported -- skip
[optum_pbm] LoadQ=1370920 LoadEnd=2026-06-06T12:36:23.453 SnapEnd=2026-06-06T13:13:51.703 tag=06052026 RAW={'RAW1': True, 'RAW2': True, 'RAW3': True}
   already reported -- skip
[caresource] QueueId=1378239 Status=Successful End=2026-06-16T01:57:28.75
   already reported -- skip
[healthspring_fwa] QueueId=1368201 Status=Successful End=2026-06-02T18:20:42.99
   already reported -- skip
[wellmark] QueueId=1377606 Status=Successful End=2026-06-14T19:32:06.767
   already reported -- skip
[optum_pbm] LoadQ=1370920 LoadEnd=2026-06-06T12:36:23.453 SnapEnd=2026-06-06T13:13:51.703 tag=06052026 RAW={'RAW1': True, 'RAW2': True, 'RAW3': True}
   already reported -- skip
[caresource] QueueId=1378239 Status=Successful End=2026-06-16T01:57:28.75
   already reported -- skip
[healthspring_fwa] QueueId=1368201 Status=Successful End=2026-06-02T18:20:42.99
   already reported -- skip
[wellmark] QueueId=1377606 Status=Successful End=2026-06-14T19:32:06.767
   already reported -- skip
[optum_pbm] LoadQ=1370920 LoadEnd=2026-06-06T12:36:23.453 SnapEnd=2026-06-06T13:13:51.703 tag=06052026 RAW={'RAW1': True, 'RAW2': True, 'RAW3': True}
   already reported -- skip
[caresource] QueueId=1378239 Status=Successful End=2026-06-16T01:57:28.75
   already reported -- skip
[healthspring_fwa] QueueId=1368201 Status=Successful End=2026-06-02T18:20:42.99
   already reported -- skip
[wellmark] QueueId=1377606 Status=Successful End=2026-06-14T19:32:06.767
   already reported -- skip
[optum_pbm] LoadQ=1370920 LoadEnd=2026-06-06T12:36:23.453 SnapEnd=2026-06-06T13:13:51.703 tag=06052026 RAW={'RAW1': True, 'RAW2': True, 'RAW3': True}
   already reported -- skip
[caresource] QueueId=1378239 Status=Successful End=2026-06-16T01:57:28.75
   already reported -- skip
[healthspring_fwa] QueueId=1368201 Status=Successful End=2026-06-02T18:20:42.99
   already reported -- skip
[wellmark] QueueId=1377606 Status=Successful End=2026-06-14T19:32:06.767
   already reported -- skip
[optum_pbm] LoadQ=1370920 LoadEnd=2026-06-06T12:36:23.453 SnapEnd=2026-06-06T13:13:51.703 tag=06052026 RAW={'RAW1': True, 'RAW2': True, 'RAW3': True}
   already reported -- skip
[caresource] QueueId=1378239 Status=Successful End=2026-06-16T01:57:28.75
   already reported -- skip
[healthspring_fwa] QueueId=1368201 Status=Successful End=2026-06-02T18:20:42.99
   already reported -- skip
[wellmark] QueueId=1377606 Status=Successful End=2026-06-14T19:32:06.767
   already reported -- skip
[optum_pbm] LoadQ=1370920 LoadEnd=2026-06-06T12:36:23.453 SnapEnd=2026-06-06T13:13:51.703 tag=06052026 RAW={'RAW1': True, 'RAW2': True, 'RAW3': True}
   already reported -- skip
[caresource] QueueId=1378239 Status=Successful End=2026-06-16T01:57:28.75
   already reported -- skip
[healthspring_fwa] QueueId=1368201 Status=Successful End=2026-06-02T18:20:42.99
   already reported -- skip
[wellmark] QueueId=1377606 Status=Successful End=2026-06-14T19:32:06.767
   already reported -- skip
[optum_pbm] LoadQ=1370920 LoadEnd=2026-06-06T12:36:23.453 SnapEnd=2026-06-06T13:13:51.703 tag=06052026 RAW={'RAW1': True, 'RAW2': True, 'RAW3': True}
   already reported -- skip
[caresource] QueueId=1378239 Status=Successful End=2026-06-16T01:57:28.75
   already reported -- skip
[healthspring_fwa] QueueId=1368201 Status=Successful End=2026-06-02T18:20:42.99
   already reported -- skip
[wellmark] QueueId=1377606 Status=Successful End=2026-06-14T19:32:06.767
   already reported -- skip
[optum_pbm] LoadQ=1370920 LoadEnd=2026-06-06T12:36:23.453 SnapEnd=2026-06-06T13:13:51.703 tag=06052026 RAW={'RAW1': True, 'RAW2': True, 'RAW3': True}
   already reported -- skip
[caresource] QueueId=1378239 Status=Successful End=2026-06-16T01:57:28.75
   already reported -- skip
[healthspring_fwa] QueueId=1368201 Status=Successful End=2026-06-02T18:20:42.99
   already reported -- skip
[wellmark] QueueId=1377606 Status=Successful End=2026-06-14T19:32:06.767
   already reported -- skip
[optum_pbm] LoadQ=1370920 LoadEnd=2026-06-06T12:36:23.453 SnapEnd=2026-06-06T13:13:51.703 tag=06052026 RAW={'RAW1': True, 'RAW2': True, 'RAW3': True}
   already reported -- skip
[caresource] QueueId=1378239 Status=Successful End=2026-06-16T01:57:28.75
   already reported -- skip
[healthspring_fwa] QueueId=1368201 Status=Successful End=2026-06-02T18:20:42.99
   already reported -- skip
[wellmark] QueueId=1377606 Status=Successful End=2026-06-14T19:32:06.767
   already reported -- skip
[optum_pbm] LoadQ=1370920 LoadEnd=2026-06-06T12:36:23.453 SnapEnd=2026-06-06T13:13:51.703 tag=06052026 RAW={'RAW1': True, 'RAW2': True, 'RAW3': True}
   already reported -- skip
[caresource] QueueId=1378239 Status=Successful End=2026-06-16T01:57:28.75
   already reported -- skip
[healthspring_fwa] QueueId=1368201 Status=Successful End=2026-06-02T18:20:42.99
   already reported -- skip
[wellmark] QueueId=1382803 Status=Ready End=None
   still running / not complete -- skip
[optum_pbm] LoadQ=1370920 LoadEnd=2026-06-06T12:36:23.453 SnapEnd=2026-06-06T13:13:51.703 tag=06052026 RAW={'RAW1': True, 'RAW2': True, 'RAW3': True}
   already reported -- skip
[caresource] QueueId=1378239 Status=Successful End=2026-06-16T01:57:28.75
   already reported -- skip
[healthspring_fwa] QueueId=1368201 Status=Successful End=2026-06-02T18:20:42.99
   already reported -- skip
[wellmark] QueueId=1382803 Status=Successful End=2026-06-21T23:48:41.96
   send -> Sent. | SLA Update - Wellmark 0210 Claims Load - SUCCESS
[optum_pbm] LoadQ=1370920 LoadEnd=2026-06-06T12:36:23.453 SnapEnd=2026-06-06T13:13:51.703 tag=06052026 RAW={'RAW1': True, 'RAW2': True, 'RAW3': True}
   already reported -- skip
State saved.
[caresource] QueueId=1378239 Status=Successful End=2026-06-16T01:57:28.75
   already reported -- skip
[healthspring_fwa] QueueId=1368201 Status=Successful End=2026-06-02T18:20:42.99
   already reported -- skip
[wellmark] QueueId=1382803 Status=Successful End=2026-06-21T23:48:41.96
   already reported -- skip
[optum_pbm] LoadQ=1370920 LoadEnd=2026-06-06T12:36:23.453 SnapEnd=2026-06-06T13:13:51.703 tag=06052026 RAW={'RAW1': True, 'RAW2': True, 'RAW3': True}
   already reported -- skip
[caresource] QueueId=1383364 Status=Ready End=None
   still running / not complete -- skip
[healthspring_fwa] QueueId=1368201 Status=Successful End=2026-06-02T18:20:42.99
   already reported -- skip
[wellmark] QueueId=1382803 Status=Successful End=2026-06-21T23:48:41.96
   already reported -- skip
[optum_pbm] LoadQ=1370920 LoadEnd=2026-06-06T12:36:23.453 SnapEnd=2026-06-06T13:13:51.703 tag=06052026 RAW={'RAW1': True, 'RAW2': True, 'RAW3': True}
   already reported -- skip
[caresource] QueueId=1383364 Status=Ready End=None
   still running / not complete -- skip
[healthspring_fwa] QueueId=1368201 Status=Successful End=2026-06-02T18:20:42.99
   already reported -- skip
[wellmark] QueueId=1382803 Status=Successful End=2026-06-21T23:48:41.96
   already reported -- skip
[optum_pbm] LoadQ=1370920 LoadEnd=2026-06-06T12:36:23.453 SnapEnd=2026-06-06T13:13:51.703 tag=06052026 RAW={'RAW1': True, 'RAW2': True, 'RAW3': True}
   already reported -- skip
[caresource] QueueId=1383364 Status=Successful End=2026-06-23T02:22:58.037
   send -> Sent. | SLA Update - Caresource 0200 Load - SUCCESS
[healthspring_fwa] QueueId=1368201 Status=Successful End=2026-06-02T18:20:42.99
   already reported -- skip
[wellmark] QueueId=1382803 Status=Successful End=2026-06-21T23:48:41.96
   already reported -- skip
[optum_pbm] LoadQ=1370920 LoadEnd=2026-06-06T12:36:23.453 SnapEnd=2026-06-06T13:13:51.703 tag=06052026 RAW={'RAW1': True, 'RAW2': True, 'RAW3': True}
   already reported -- skip
State saved.
[caresource] QueueId=1383364 Status=Successful End=2026-06-23T02:22:58.037
   already reported -- skip
[healthspring_fwa] QueueId=1368201 Status=Successful End=2026-06-02T18:20:42.99
   already reported -- skip
[wellmark] QueueId=1382803 Status=Successful End=2026-06-21T23:48:41.96
   already reported -- skip
[optum_pbm] LoadQ=1370920 LoadEnd=2026-06-06T12:36:23.453 SnapEnd=2026-06-06T13:13:51.703 tag=06052026 RAW={'RAW1': True, 'RAW2': True, 'RAW3': True}
   already reported -- skip
[caresource] QueueId=1383364 Status=Successful End=2026-06-23T02:22:58.037
   already reported -- skip
[healthspring_fwa] QueueId=1368201 Status=Successful End=2026-06-02T18:20:42.99
   already reported -- skip
[wellmark] QueueId=1382803 Status=Successful End=2026-06-21T23:48:41.96
   already reported -- skip
[optum_pbm] LoadQ=1370920 LoadEnd=2026-06-06T12:36:23.453 SnapEnd=2026-06-06T13:13:51.703 tag=06052026 RAW={'RAW1': True, 'RAW2': True, 'RAW3': True}
   already reported -- skip
[caresource] QueueId=1383364 Status=Successful End=2026-06-23T02:22:58.037
   already reported -- skip
[healthspring_fwa] QueueId=1368201 Status=Successful End=2026-06-02T18:20:42.99
   already reported -- skip
[wellmark] QueueId=1382803 Status=Successful End=2026-06-21T23:48:41.96
   already reported -- skip
[optum_pbm] LoadQ=1370920 LoadEnd=2026-06-06T12:36:23.453 SnapEnd=2026-06-06T13:13:51.703 tag=06052026 RAW={'RAW1': True, 'RAW2': True, 'RAW3': True}
   already reported -- skip
[caresource] QueueId=1383364 Status=Successful End=2026-06-23T02:22:58.037
   already reported -- skip
[healthspring_fwa] QueueId=1368201 Status=Successful End=2026-06-02T18:20:42.99
   already reported -- skip
[wellmark] QueueId=1382803 Status=Successful End=2026-06-21T23:48:41.96
   already reported -- skip
[optum_pbm] LoadQ=1370920 LoadEnd=2026-06-06T12:36:23.453 SnapEnd=2026-06-06T13:13:51.703 tag=06052026 RAW={'RAW1': True, 'RAW2': True, 'RAW3': True}
   already reported -- skip
[caresource] QueueId=1383364 Status=Successful End=2026-06-23T02:22:58.037
   already reported -- skip
[healthspring_fwa] QueueId=1368201 Status=Successful End=2026-06-02T18:20:42.99
   already reported -- skip
[wellmark] QueueId=1382803 Status=Successful End=2026-06-21T23:48:41.96
   already reported -- skip
[optum_pbm] LoadQ=1370920 LoadEnd=2026-06-06T12:36:23.453 SnapEnd=2026-06-06T13:13:51.703 tag=06052026 RAW={'RAW1': True, 'RAW2': True, 'RAW3': True}
   already reported -- skip
[caresource] QueueId=1383364 Status=Successful End=2026-06-23T02:22:58.037
   already reported -- skip
[healthspring_fwa] QueueId=1368201 Status=Successful End=2026-06-02T18:20:42.99
   already reported -- skip
[wellmark] QueueId=1382803 Status=Successful End=2026-06-21T23:48:41.96
   already reported -- skip
[optum_pbm] LoadQ=1370920 LoadEnd=2026-06-06T12:36:23.453 SnapEnd=2026-06-06T13:13:51.703 tag=06052026 RAW={'RAW1': True, 'RAW2': True, 'RAW3': True}
   already reported -- skip
[caresource] QueueId=1383364 Status=Successful End=2026-06-23T02:22:58.037
   already reported -- skip
[healthspring_fwa] QueueId=1368201 Status=Successful End=2026-06-02T18:20:42.99
   already reported -- skip
[wellmark] QueueId=1382803 Status=Successful End=2026-06-21T23:48:41.96
   already reported -- skip
[optum_pbm] LoadQ=1370920 LoadEnd=2026-06-06T12:36:23.453 SnapEnd=2026-06-06T13:13:51.703 tag=06052026 RAW={'RAW1': True, 'RAW2': True, 'RAW3': True}
   already reported -- skip
[caresource] QueueId=1383364 Status=Successful End=2026-06-23T02:22:58.037
   already reported -- skip
[healthspring_fwa] QueueId=1368201 Status=Successful End=2026-06-02T18:20:42.99
   already reported -- skip
[wellmark] QueueId=1382803 Status=Successful End=2026-06-21T23:48:41.96
   already reported -- skip
[optum_pbm] LoadQ=1370920 LoadEnd=2026-06-06T12:36:23.453 SnapEnd=2026-06-06T13:13:51.703 tag=06052026 RAW={'RAW1': True, 'RAW2': True, 'RAW3': True}
   already reported -- skip
[caresource] QueueId=1383364 Status=Successful End=2026-06-23T02:22:58.037
   already reported -- skip
[healthspring_fwa] QueueId=1368201 Status=Successful End=2026-06-02T18:20:42.99
   already reported -- skip
[wellmark] QueueId=1382803 Status=Successful End=2026-06-21T23:48:41.96
   already reported -- skip
[optum_pbm] LoadQ=1370920 LoadEnd=2026-06-06T12:36:23.453 SnapEnd=2026-06-06T13:13:51.703 tag=06052026 RAW={'RAW1': True, 'RAW2': True, 'RAW3': True}
   already reported -- skip
[caresource] QueueId=1383364 Status=Successful End=2026-06-23T02:22:58.037
   already reported -- skip
[healthspring_fwa] QueueId=1368201 Status=Successful End=2026-06-02T18:20:42.99
   already reported -- skip
[wellmark] QueueId=1382803 Status=Successful End=2026-06-21T23:48:41.96
   already reported -- skip
[optum_pbm] LoadQ=1370920 LoadEnd=2026-06-06T12:36:23.453 SnapEnd=2026-06-06T13:13:51.703 tag=06052026 RAW={'RAW1': True, 'RAW2': True, 'RAW3': True}
   already reported -- skip
[caresource] QueueId=1383364 Status=Successful End=2026-06-23T02:22:58.037
   already reported -- skip
[healthspring_fwa] QueueId=1368201 Status=Successful End=2026-06-02T18:20:42.99
   already reported -- skip
[wellmark] QueueId=1382803 Status=Successful End=2026-06-21T23:48:41.96
   already reported -- skip
[optum_pbm] LoadQ=1370920 LoadEnd=2026-06-06T12:36:23.453 SnapEnd=2026-06-06T13:13:51.703 tag=06052026 RAW={'RAW1': True, 'RAW2': True, 'RAW3': True}
   already reported -- skip
[caresource] QueueId=1383364 Status=Successful End=2026-06-23T02:22:58.037
   already reported -- skip
[healthspring_fwa] QueueId=1368201 Status=Successful End=2026-06-02T18:20:42.99
   already reported -- skip
[wellmark] QueueId=1382803 Status=Successful End=2026-06-21T23:48:41.96
   already reported -- skip
[optum_pbm] LoadQ=1370920 LoadEnd=2026-06-06T12:36:23.453 SnapEnd=2026-06-06T13:13:51.703 tag=06052026 RAW={'RAW1': True, 'RAW2': True, 'RAW3': True}
   already reported -- skip
[caresource] QueueId=1383364 Status=Successful End=2026-06-23T02:22:58.037
   already reported -- skip
[healthspring_fwa] QueueId=1368201 Status=Successful End=2026-06-02T18:20:42.99
   already reported -- skip
[wellmark] QueueId=1382803 Status=Successful End=2026-06-21T23:48:41.96
   already reported -- skip
[optum_pbm] LoadQ=1370920 LoadEnd=2026-06-06T12:36:23.453 SnapEnd=2026-06-06T13:13:51.703 tag=06052026 RAW={'RAW1': True, 'RAW2': True, 'RAW3': True}
   already reported -- skip
[caresource] (weekly) QueueId=1383364 Status=Successful End=2026-06-23T02:22:58.037 period=2026-W27
   this completion already reported -- skip
[wellmark] (weekly) QueueId=1389313 Status=Failed End=2026-06-29T02:36:20.607 period=2026-W27
   send -> Sent. | SLA Update - Wellmark 0210 Claims Load - FAILED SLA
[healthspring_fwa] (monthly) QueueId=1368201 Status=Successful End=2026-06-02T18:20:42.99 period=2026-06
   this completion already reported -- skip
[optum_pbm] LoadQ=1389476 LoadEnd=None SnapEnd=2026-06-06T13:13:51.703 tag=06292026 RAW={'RAW1': False, 'RAW2': False, 'RAW3': False}
   load/snap not both complete -- skip
State saved.
